2014-11-28 09:45:19 Error: [MissingTableException] Table i18n for model I18nModel was not found in datasource default.
Exception Attributes: array (
  'table' => 'i18n',
  'class' => 'I18nModel',
  'ds' => 'default',
)
Request URL: /Projet/admin/extensions/extensions_plugins/toggle/Translate
Stack Trace:
#0 C:\wamp\www\Projet\Vendor\croogo\croogo\Translate\Model\Behavior\CroogoTranslateBehavior.php(278): Model->setSource('i18n')
#1 C:\wamp\www\Projet\Vendor\croogo\croogo\Translate\Model\Behavior\CroogoTranslateBehavior.php(64): CroogoTranslateBehavior->translateModel(Object(Block))
#2 C:\wamp\www\Projet\Vendor\cakephp\cakephp\lib\Cake\Model\BehaviorCollection.php(145): CroogoTranslateBehavior->setup(Object(Block), Array)
#3 C:\wamp\www\Projet\Vendor\cakephp\cakephp\lib\Cake\Model\BehaviorCollection.php(66): BehaviorCollection->load('Translate.Croog...', Array)
#4 C:\wamp\www\Projet\Vendor\cakephp\cakephp\lib\Cake\Model\Model.php(755): BehaviorCollection->init('Block', Array)
#5 C:\wamp\www\Projet\Vendor\croogo\croogo\Croogo\Model\CroogoAppModel.php(56): Model->__construct(Array, NULL, NULL)
#6 [internal function]: CroogoAppModel->__construct(Array)
#7 C:\wamp\www\Projet\Vendor\cakephp\cakephp\lib\Cake\Utility\ClassRegistry.php(169): ReflectionClass->newInstance(Array)
#8 C:\wamp\www\Projet\Vendor\croogo\croogo\Blocks\Controller\Component\BlocksComponent.php(50): ClassRegistry::init('Blocks.Block')
#9 [internal function]: BlocksComponent->initialize(Object(ExtensionsPluginsController))
#10 C:\wamp\www\Projet\Vendor\cakephp\cakephp\lib\Cake\Utility\ObjectCollection.php(128): call_user_func_array(Array, Array)
#11 [internal function]: ObjectCollection->trigger(Object(CakeEvent))
#12 C:\wamp\www\Projet\Vendor\cakephp\cakephp\lib\Cake\Event\CakeEventManager.php(242): call_user_func(Array, Object(CakeEvent))
#13 C:\wamp\www\Projet\Vendor\cakephp\cakephp\lib\Cake\Controller\Controller.php(674): CakeEventManager->dispatch(Object(CakeEvent))
#14 C:\wamp\www\Projet\Vendor\cakephp\cakephp\lib\Cake\Routing\Dispatcher.php(187): Controller->startupProcess()
#15 C:\wamp\www\Projet\Vendor\cakephp\cakephp\lib\Cake\Routing\Dispatcher.php(165): Dispatcher->_invoke(Object(ExtensionsPluginsController), Object(CakeRequest))
#16 C:\wamp\www\Projet\webroot\index.php(105): Dispatcher->dispatch(Object(CakeRequest), Object(CakeResponse))
#17 {main}
2014-11-28 09:45:19 Critical: Errors in CakeErrorController: Table i18n for model I18nModel was not found in datasource default.
2014-11-28 09:45:24 Error: Invalid menu: top-left
2014-11-28 09:45:24 Error: Invalid menu: top-right
2014-11-28 10:35:33 Error: [MissingControllerException] Controller class FraController could not be found.
Exception Attributes: array (
  'class' => 'FraController',
  'plugin' => NULL,
)
Request URL: /Projet/fra/admon
Stack Trace:
#0 C:\wamp\www\Projet\webroot\index.php(105): Dispatcher->dispatch(Object(CakeRequest), Object(CakeResponse))
#1 {main}
2014-11-28 10:35:42 Error: [MissingControllerException] Controller class ImgController could not be found.
Exception Attributes: array (
  'class' => 'ImgController',
  'plugin' => 'Croogo',
)
Request URL: /Projet/fra/croogo/img/ajax/loadingAnimation.gif
Stack Trace:
#0 C:\wamp\www\Projet\webroot\index.php(105): Dispatcher->dispatch(Object(CakeRequest), Object(CakeResponse))
#1 {main}
2014-11-28 12:45:13 Error: [MissingControllerException] Controller class UsersController could not be found.
Exception Attributes: array (
  'class' => 'UsersController',
  'plugin' => NULL,
)
Request URL: /Projet/Users
Stack Trace:
#0 C:\wamp\www\Projet\webroot\index.php(105): Dispatcher->dispatch(Object(CakeRequest), Object(CakeResponse))
#1 {main}
2014-11-29 13:45:34 Error: [MissingControllerException] Controller class AdminController could not be found.
Exception Attributes: array (
  'class' => 'AdminController',
  'plugin' => NULL,
)
Request URL: /Dev/Admin
Stack Trace:
#0 C:\wamp\www\Dev\webroot\index.php(105): Dispatcher->dispatch(Object(CakeRequest), Object(CakeResponse))
#1 {main}
2014-11-29 13:45:57 Error: [MissingControllerException] Controller class AddController could not be found.
Exception Attributes: array (
  'class' => 'AddController',
  'plugin' => 'Users',
)
Request URL: /Dev/users/add
Stack Trace:
#0 C:\wamp\www\Dev\webroot\index.php(105): Dispatcher->dispatch(Object(CakeRequest), Object(CakeResponse))
#1 {main}
2014-11-29 13:57:22 Error: Fatal Error (4): syntax error, unexpected 'if' (T_IF) in [C:\wamp\www\Dev\Vendor\cakephp\cakephp\lib\Cake\Config\routes.php, line 47]
2014-11-29 13:57:22 Error: [FatalErrorException] syntax error, unexpected 'if' (T_IF)
Request URL: /Dev/
Stack Trace:
#0 C:\wamp\www\Dev\Vendor\cakephp\cakephp\lib\Cake\Error\ErrorHandler.php(203): ErrorHandler::handleFatalError(4, 'syntax error, u...', 'C:\\wamp\\www\\Dev...', 47)
#1 [internal function]: ErrorHandler::handleError(4, 'syntax error, u...', 'C:\\wamp\\www\\Dev...', 47, Array)
#2 C:\wamp\www\Dev\Vendor\cakephp\cakephp\lib\Cake\Core\App.php(931): call_user_func('ErrorHandler::h...', 4, 'syntax error, u...', 'C:\\wamp\\www\\Dev...', 47, Array)
#3 C:\wamp\www\Dev\Vendor\cakephp\cakephp\lib\Cake\Core\App.php(904): App::_checkFatalError()
#4 [internal function]: App::shutdown()
#5 {main}
2014-11-29 14:01:46 Error: [MissingControllerException] Controller class FormController could not be found.
Exception Attributes: array (
  'class' => 'FormController',
  'plugin' => 'Users',
)
Request URL: /Dev/admin/users/form
Stack Trace:
#0 C:\wamp\www\Dev\webroot\index.php(105): Dispatcher->dispatch(Object(CakeRequest), Object(CakeResponse))
#1 {main}
2014-11-29 14:01:54 Error: [MissingControllerException] Controller class FormController could not be found.
Exception Attributes: array (
  'class' => 'FormController',
  'plugin' => NULL,
)
Request URL: /Dev/admin/form
Stack Trace:
#0 C:\wamp\www\Dev\webroot\index.php(105): Dispatcher->dispatch(Object(CakeRequest), Object(CakeResponse))
#1 {main}
2014-11-29 14:02:10 Error: [MissingControllerException] Controller class FormController could not be found.
Exception Attributes: array (
  'class' => 'FormController',
  'plugin' => 'Users',
)
Request URL: /Dev/admin/users/form
Stack Trace:
#0 C:\wamp\www\Dev\webroot\index.php(105): Dispatcher->dispatch(Object(CakeRequest), Object(CakeResponse))
#1 {main}
2014-11-29 14:02:15 Error: [MissingControllerException] Controller class AdminFormController could not be found.
Exception Attributes: array (
  'class' => 'AdminFormController',
  'plugin' => 'Users',
)
Request URL: /Dev/admin/users/admin_form
Stack Trace:
#0 C:\wamp\www\Dev\webroot\index.php(105): Dispatcher->dispatch(Object(CakeRequest), Object(CakeResponse))
#1 {main}
2014-11-29 14:02:29 Error: [MissingControllerException] Controller class IndexController could not be found.
Exception Attributes: array (
  'class' => 'IndexController',
  'plugin' => 'Users',
)
Request URL: /Dev/admin/users/index
Stack Trace:
#0 C:\wamp\www\Dev\webroot\index.php(105): Dispatcher->dispatch(Object(CakeRequest), Object(CakeResponse))
#1 {main}
2014-11-29 14:02:33 Error: [MissingControllerException] Controller class IndexController could not be found.
Exception Attributes: array (
  'class' => 'IndexController',
  'plugin' => NULL,
)
Request URL: /Dev/admin/index
Stack Trace:
#0 C:\wamp\www\Dev\webroot\index.php(105): Dispatcher->dispatch(Object(CakeRequest), Object(CakeResponse))
#1 {main}
2014-11-29 14:02:43 Error: [MissingControllerException] Controller class FormController could not be found.
Exception Attributes: array (
  'class' => 'FormController',
  'plugin' => NULL,
)
Request URL: /Dev/admin/form
Stack Trace:
#0 C:\wamp\www\Dev\webroot\index.php(105): Dispatcher->dispatch(Object(CakeRequest), Object(CakeResponse))
#1 {main}
2014-11-29 14:03:05 Error: [MissingControllerException] Controller class FormController could not be found.
Exception Attributes: array (
  'class' => 'FormController',
  'plugin' => 'Users',
)
Request URL: /Dev/admin/users/form/add
Stack Trace:
#0 C:\wamp\www\Dev\webroot\index.php(105): Dispatcher->dispatch(Object(CakeRequest), Object(CakeResponse))
#1 {main}
2014-11-29 14:03:09 Error: [MissingControllerException] Controller class AddController could not be found.
Exception Attributes: array (
  'class' => 'AddController',
  'plugin' => 'Users',
)
Request URL: /Dev/admin/users/add
Stack Trace:
#0 C:\wamp\www\Dev\webroot\index.php(105): Dispatcher->dispatch(Object(CakeRequest), Object(CakeResponse))
#1 {main}
2014-11-29 14:03:27 Error: [MissingActionException] Action UsersController::admin_form() could not be found.
Exception Attributes: array (
  'controller' => 'UsersController',
  'action' => 'admin_form',
)
Request URL: /Dev/admin/users/users/form
Stack Trace:
#0 C:\wamp\www\Dev\Vendor\croogo\croogo\Croogo\Controller\CroogoAppController.php(218): Controller->invokeAction(Object(CakeRequest))
#1 C:\wamp\www\Dev\Vendor\cakephp\cakephp\lib\Cake\Routing\Dispatcher.php(191): CroogoAppController->invokeAction(Object(CakeRequest))
#2 C:\wamp\www\Dev\Vendor\cakephp\cakephp\lib\Cake\Routing\Dispatcher.php(165): Dispatcher->_invoke(Object(UsersController), Object(CakeRequest))
#3 C:\wamp\www\Dev\webroot\index.php(105): Dispatcher->dispatch(Object(CakeRequest), Object(CakeResponse))
#4 {main}
2014-11-29 14:06:26 Error: [MissingControllerException] Controller class FormController could not be found.
Exception Attributes: array (
  'class' => 'FormController',
  'plugin' => 'Menus',
)
Request URL: /Dev/admin/menus/form
Stack Trace:
#0 C:\wamp\www\Dev\webroot\index.php(105): Dispatcher->dispatch(Object(CakeRequest), Object(CakeResponse))
#1 {main}
2014-11-29 14:09:45 Error: [MissingControllerException] Controller class DisplayController could not be found.
Exception Attributes: array (
  'class' => 'DisplayController',
  'plugin' => NULL,
)
Request URL: /Dev/display/home
Stack Trace:
#0 C:\wamp\www\Dev\webroot\index.php(105): Dispatcher->dispatch(Object(CakeRequest), Object(CakeResponse))
#1 {main}
2014-11-29 14:11:48 Error: [MissingControllerException] Controller class PagesController could not be found.
Exception Attributes: array (
  'class' => 'PagesController',
  'plugin' => NULL,
)
Request URL: /Dev/pages/display/home
Stack Trace:
#0 C:\wamp\www\Dev\webroot\index.php(105): Dispatcher->dispatch(Object(CakeRequest), Object(CakeResponse))
#1 {main}
2014-11-29 14:11:54 Error: [MissingControllerException] Controller class DisplayController could not be found.
Exception Attributes: array (
  'class' => 'DisplayController',
  'plugin' => NULL,
)
Request URL: /Dev/display/home
Stack Trace:
#0 C:\wamp\www\Dev\webroot\index.php(105): Dispatcher->dispatch(Object(CakeRequest), Object(CakeResponse))
#1 {main}
2014-11-29 14:11:58 Error: [MissingControllerException] Controller class DisplayController could not be found.
Exception Attributes: array (
  'class' => 'DisplayController',
  'plugin' => 'Users',
)
Request URL: /Dev/users/display/home
Stack Trace:
#0 C:\wamp\www\Dev\webroot\index.php(105): Dispatcher->dispatch(Object(CakeRequest), Object(CakeResponse))
#1 {main}
2014-11-29 14:21:15 Error: Fatal Error (4): syntax error, unexpected '=>' (T_DOUBLE_ARROW) in [C:\wamp\www\Dev\Vendor\croogo\croogo\Nodes\View\Nodes\promoted.ctp, line 22]
2014-11-29 14:21:15 Error: [FatalErrorException] syntax error, unexpected '=>' (T_DOUBLE_ARROW)
Request URL: /Dev/
Stack Trace:
#0 C:\wamp\www\Dev\Vendor\cakephp\cakephp\lib\Cake\Error\ErrorHandler.php(203): ErrorHandler::handleFatalError(4, 'syntax error, u...', 'C:\\wamp\\www\\Dev...', 22)
#1 [internal function]: ErrorHandler::handleError(4, 'syntax error, u...', 'C:\\wamp\\www\\Dev...', 22, Array)
#2 C:\wamp\www\Dev\Vendor\cakephp\cakephp\lib\Cake\Core\App.php(931): call_user_func('ErrorHandler::h...', 4, 'syntax error, u...', 'C:\\wamp\\www\\Dev...', 22, Array)
#3 C:\wamp\www\Dev\Vendor\cakephp\cakephp\lib\Cake\Core\App.php(904): App::_checkFatalError()
#4 [internal function]: App::shutdown()
#5 {main}
2014-11-29 14:21:52 Error: [MissingControllerException] Controller class UsersController could not be found.
Exception Attributes: array (
  'class' => 'UsersController',
  'plugin' => 'Nodes',
)
Request URL: /Dev/nodes/users/register
Stack Trace:
#0 C:\wamp\www\Dev\webroot\index.php(105): Dispatcher->dispatch(Object(CakeRequest), Object(CakeResponse))
#1 {main}
2014-11-29 14:22:13 Error: [MissingControllerException] Controller class UsersController could not be found.
Exception Attributes: array (
  'class' => 'UsersController',
  'plugin' => 'Nodes',
)
Request URL: /Dev/nodes/users/register
Stack Trace:
#0 C:\wamp\www\Dev\webroot\index.php(105): Dispatcher->dispatch(Object(CakeRequest), Object(CakeResponse))
#1 {main}
2014-11-29 14:22:21 Error: [MissingActionException] Action UsersController::register() could not be found.
Exception Attributes: array (
  'controller' => 'UsersController',
  'action' => 'register',
)
Request URL: /Dev/users/users/register
Stack Trace:
#0 C:\wamp\www\Dev\Vendor\croogo\croogo\Croogo\Controller\CroogoAppController.php(218): Controller->invokeAction(Object(CakeRequest))
#1 C:\wamp\www\Dev\Vendor\cakephp\cakephp\lib\Cake\Routing\Dispatcher.php(191): CroogoAppController->invokeAction(Object(CakeRequest))
#2 C:\wamp\www\Dev\Vendor\cakephp\cakephp\lib\Cake\Routing\Dispatcher.php(165): Dispatcher->_invoke(Object(UsersController), Object(CakeRequest))
#3 C:\wamp\www\Dev\webroot\index.php(105): Dispatcher->dispatch(Object(CakeRequest), Object(CakeResponse))
#4 {main}
2014-11-29 14:22:37 Error: [MissingActionException] Action UsersController::register() could not be found.
Exception Attributes: array (
  'controller' => 'UsersController',
  'action' => 'register',
)
Request URL: /Dev/users/users/register
Stack Trace:
#0 C:\wamp\www\Dev\Vendor\croogo\croogo\Croogo\Controller\CroogoAppController.php(218): Controller->invokeAction(Object(CakeRequest))
#1 C:\wamp\www\Dev\Vendor\cakephp\cakephp\lib\Cake\Routing\Dispatcher.php(191): CroogoAppController->invokeAction(Object(CakeRequest))
#2 C:\wamp\www\Dev\Vendor\cakephp\cakephp\lib\Cake\Routing\Dispatcher.php(165): Dispatcher->_invoke(Object(UsersController), Object(CakeRequest))
#3 C:\wamp\www\Dev\webroot\index.php(105): Dispatcher->dispatch(Object(CakeRequest), Object(CakeResponse))
#4 {main}
2014-11-29 14:22:44 Error: [MissingControllerException] Controller class RegisterController could not be found.
Exception Attributes: array (
  'class' => 'RegisterController',
  'plugin' => 'Users',
)
Request URL: /Dev/users/register
Stack Trace:
#0 C:\wamp\www\Dev\webroot\index.php(105): Dispatcher->dispatch(Object(CakeRequest), Object(CakeResponse))
#1 {main}
2014-11-29 14:22:58 Error: [MissingControllerException] Controller class RegisterController could not be found.
Exception Attributes: array (
  'class' => 'RegisterController',
  'plugin' => 'Users',
)
Request URL: /Dev/users/register
Stack Trace:
#0 C:\wamp\www\Dev\webroot\index.php(105): Dispatcher->dispatch(Object(CakeRequest), Object(CakeResponse))
#1 {main}
2014-11-29 14:23:05 Error: [MissingActionException] Action UsersController::register() could not be found.
Exception Attributes: array (
  'controller' => 'UsersController',
  'action' => 'register',
)
Request URL: /Dev/users/users/register
Stack Trace:
#0 C:\wamp\www\Dev\Vendor\croogo\croogo\Croogo\Controller\CroogoAppController.php(218): Controller->invokeAction(Object(CakeRequest))
#1 C:\wamp\www\Dev\Vendor\cakephp\cakephp\lib\Cake\Routing\Dispatcher.php(191): CroogoAppController->invokeAction(Object(CakeRequest))
#2 C:\wamp\www\Dev\Vendor\cakephp\cakephp\lib\Cake\Routing\Dispatcher.php(165): Dispatcher->_invoke(Object(UsersController), Object(CakeRequest))
#3 C:\wamp\www\Dev\webroot\index.php(105): Dispatcher->dispatch(Object(CakeRequest), Object(CakeResponse))
#4 {main}
2014-11-29 14:23:57 Error: [MissingActionException] Action UsersController::register() could not be found.
Exception Attributes: array (
  'controller' => 'UsersController',
  'action' => 'register',
)
Request URL: /Dev/users/users/register
Stack Trace:
#0 C:\wamp\www\Dev\Vendor\croogo\croogo\Croogo\Controller\CroogoAppController.php(218): Controller->invokeAction(Object(CakeRequest))
#1 C:\wamp\www\Dev\Vendor\cakephp\cakephp\lib\Cake\Routing\Dispatcher.php(191): CroogoAppController->invokeAction(Object(CakeRequest))
#2 C:\wamp\www\Dev\Vendor\cakephp\cakephp\lib\Cake\Routing\Dispatcher.php(165): Dispatcher->_invoke(Object(UsersController), Object(CakeRequest))
#3 C:\wamp\www\Dev\webroot\index.php(105): Dispatcher->dispatch(Object(CakeRequest), Object(CakeResponse))
#4 {main}
2014-11-29 14:24:01 Error: Fatal Error (4): syntax error, unexpected ')', expecting ',' or ';' in [C:\wamp\www\Dev\Vendor\croogo\croogo\Nodes\View\Nodes\promoted.ctp, line 22]
2014-11-29 14:24:01 Error: [FatalErrorException] syntax error, unexpected ')', expecting ',' or ';'
Request URL: /Dev/
Stack Trace:
#0 C:\wamp\www\Dev\Vendor\cakephp\cakephp\lib\Cake\Error\ErrorHandler.php(203): ErrorHandler::handleFatalError(4, 'syntax error, u...', 'C:\\wamp\\www\\Dev...', 22)
#1 [internal function]: ErrorHandler::handleError(4, 'syntax error, u...', 'C:\\wamp\\www\\Dev...', 22, Array)
#2 C:\wamp\www\Dev\Vendor\cakephp\cakephp\lib\Cake\Core\App.php(931): call_user_func('ErrorHandler::h...', 4, 'syntax error, u...', 'C:\\wamp\\www\\Dev...', 22, Array)
#3 C:\wamp\www\Dev\Vendor\cakephp\cakephp\lib\Cake\Core\App.php(904): App::_checkFatalError()
#4 [internal function]: App::shutdown()
#5 {main}
2014-11-29 14:24:11 Error: [MissingHelperException] Helper class UserHelper could not be found.
Exception Attributes: array (
  'class' => 'UserHelper',
  'plugin' => 'Nodes',
)
Request URL: /Dev/
Stack Trace:
#0 C:\wamp\www\Dev\Vendor\cakephp\cakephp\lib\Cake\View\HelperCollection.php(66): HelperCollection->load('Nodes.User')
#1 C:\wamp\www\Dev\Vendor\cakephp\cakephp\lib\Cake\View\View.php(837): HelperCollection->__isset('User')
#2 C:\wamp\www\Dev\Vendor\croogo\croogo\Nodes\View\Nodes\promoted.ctp(22): View->__get('User')
#3 C:\wamp\www\Dev\Vendor\cakephp\cakephp\lib\Cake\View\View.php(948): include('C:\\wamp\\www\\Dev...')
#4 C:\wamp\www\Dev\Vendor\cakephp\cakephp\lib\Cake\View\View.php(910): View->_evaluate('C:\\wamp\\www\\Dev...', Array)
#5 C:\wamp\www\Dev\Vendor\cakephp\cakephp\lib\Cake\View\View.php(471): View->_render('C:\\wamp\\www\\Dev...')
#6 C:\wamp\www\Dev\Vendor\cakephp\cakephp\lib\Cake\Controller\Controller.php(954): View->render(NULL, NULL)
#7 C:\wamp\www\Dev\Vendor\croogo\croogo\Croogo\Controller\CroogoAppController.php(355): Controller->render(NULL, NULL)
#8 C:\wamp\www\Dev\Vendor\cakephp\cakephp\lib\Cake\Routing\Dispatcher.php(198): CroogoAppController->render()
#9 C:\wamp\www\Dev\Vendor\cakephp\cakephp\lib\Cake\Routing\Dispatcher.php(165): Dispatcher->_invoke(Object(NodesController), Object(CakeRequest))
#10 C:\wamp\www\Dev\webroot\index.php(105): Dispatcher->dispatch(Object(CakeRequest), Object(CakeResponse))
#11 {main}
2014-11-29 14:26:03 Error: [MissingControllerException] Controller class UsersController could not be found.
Exception Attributes: array (
  'class' => 'UsersController',
  'plugin' => NULL,
)
Request URL: /Dev/Users/Users/add
Stack Trace:
#0 C:\wamp\www\Dev\webroot\index.php(105): Dispatcher->dispatch(Object(CakeRequest), Object(CakeResponse))
#1 {main}
2014-11-29 14:26:16 Error: [MissingControllerException] Controller class UsersController could not be found.
Exception Attributes: array (
  'class' => 'UsersController',
  'plugin' => NULL,
)
Request URL: /Dev/Users/Users/add
Stack Trace:
#0 C:\wamp\www\Dev\webroot\index.php(105): Dispatcher->dispatch(Object(CakeRequest), Object(CakeResponse))
#1 {main}
2014-11-29 14:26:26 Error: [MissingControllerException] Controller class ImgController could not be found.
Exception Attributes: array (
  'class' => 'ImgController',
  'plugin' => 'Croogo',
)
Request URL: /Dev/dev/croogo/img/ajax/loadingAnimation.gif
Stack Trace:
#0 C:\wamp\www\Dev\webroot\index.php(105): Dispatcher->dispatch(Object(CakeRequest), Object(CakeResponse))
#1 {main}
2014-11-29 14:26:32 Error: [MissingControllerException] Controller class DevController could not be found.
Exception Attributes: array (
  'class' => 'DevController',
  'plugin' => NULL,
)
Request URL: /Dev/dev/users?%2Fusers=
Stack Trace:
#0 C:\wamp\www\Dev\webroot\index.php(105): Dispatcher->dispatch(Object(CakeRequest), Object(CakeResponse))
#1 {main}
2014-11-29 14:26:37 Error: [MissingControllerException] Controller class UsersController could not be found.
Exception Attributes: array (
  'class' => 'UsersController',
  'plugin' => NULL,
)
Request URL: /Dev/dev/users/add?%2Fusers%2Fadd=
Stack Trace:
#0 C:\wamp\www\Dev\webroot\index.php(105): Dispatcher->dispatch(Object(CakeRequest), Object(CakeResponse))
#1 {main}
2014-11-29 14:26:41 Error: [MissingControllerException] Controller class UsersController could not be found.
Exception Attributes: array (
  'class' => 'UsersController',
  'plugin' => NULL,
)
Request URL: /Dev/dev/users/register?%2Fusers%2Fregister=
Stack Trace:
#0 C:\wamp\www\Dev\webroot\index.php(105): Dispatcher->dispatch(Object(CakeRequest), Object(CakeResponse))
#1 {main}
2014-11-29 14:27:58 Error: [MissingControllerException] Controller class UsersController could not be found.
Exception Attributes: array (
  'class' => 'UsersController',
  'plugin' => NULL,
)
Request URL: /Dev/dev/users/register?%2Fusers%2Fregister=
Stack Trace:
#0 C:\wamp\www\Dev\webroot\index.php(105): Dispatcher->dispatch(Object(CakeRequest), Object(CakeResponse))
#1 {main}
2014-12-02 07:57:24 Error: Error sending user activation notification : mail(): Failed to connect to mailserver at &quot;localhost&quot; port 25, verify your &quot;SMTP&quot; and &quot;smtp_port&quot; setting in php.ini or use ini_set()
2014-12-02 08:03:54 Error: hurryy - controllers/Extensions/ExtensionsDashboard/admin_index denied. (cache miss)
2014-12-02 08:03:55 Error: hurryy - controllers/Extensions/ExtensionsDashboard/admin_index denied. (cache hit)
2014-12-02 08:03:56 Error: hurryy - controllers/Extensions/ExtensionsDashboard/admin_index denied. (cache hit)
2014-12-02 08:03:57 Error: hurryy - controllers/Extensions/ExtensionsDashboard/admin_index denied. (cache hit)
2014-12-02 08:03:58 Error: hurryy - controllers/Extensions/ExtensionsDashboard/admin_index denied. (cache hit)
2014-12-02 08:03:59 Error: hurryy - controllers/Extensions/ExtensionsDashboard/admin_index denied. (cache hit)
2014-12-02 08:04:00 Error: hurryy - controllers/Extensions/ExtensionsDashboard/admin_index denied. (cache hit)
2014-12-02 08:04:01 Error: hurryy - controllers/Extensions/ExtensionsDashboard/admin_index denied. (cache hit)
2014-12-02 08:04:02 Error: hurryy - controllers/Extensions/ExtensionsDashboard/admin_index denied. (cache hit)
2014-12-02 08:04:02 Error: hurryy - controllers/Extensions/ExtensionsDashboard/admin_index denied. (cache hit)
2014-12-02 08:04:03 Error: hurryy - controllers/Extensions/ExtensionsDashboard/admin_index denied. (cache hit)
2014-12-02 08:04:04 Error: hurryy - controllers/Extensions/ExtensionsDashboard/admin_index denied. (cache hit)
2014-12-02 08:04:05 Error: hurryy - controllers/Extensions/ExtensionsDashboard/admin_index denied. (cache hit)
2014-12-02 08:04:06 Error: hurryy - controllers/Extensions/ExtensionsDashboard/admin_index denied. (cache hit)
2014-12-02 08:04:06 Error: hurryy - controllers/Extensions/ExtensionsDashboard/admin_index denied. (cache hit)
2014-12-02 08:04:07 Error: hurryy - controllers/Extensions/ExtensionsDashboard/admin_index denied. (cache hit)
2014-12-02 08:04:08 Error: hurryy - controllers/Extensions/ExtensionsDashboard/admin_index denied. (cache hit)
2014-12-02 08:04:09 Error: hurryy - controllers/Extensions/ExtensionsDashboard/admin_index denied. (cache hit)
2014-12-02 08:04:10 Error: hurryy - controllers/Extensions/ExtensionsDashboard/admin_index denied. (cache hit)
2014-12-02 08:04:11 Error: hurryy - controllers/Nodes/Nodes/promoted allowed. (cache miss)
2014-12-02 08:06:33 Error: hurryy - controllers/Users/Users/add allowed. (cache miss)
2014-12-02 08:06:41 Error: [MissingControllerException] Controller class LoginController could not be found.
Exception Attributes: array (
  'class' => 'LoginController',
  'plugin' => NULL,
)
Request URL: /Dev/login
Stack Trace:
#0 C:\wamp\www\Dev\webroot\index.php(105): Dispatcher->dispatch(Object(CakeRequest), Object(CakeResponse))
#1 {main}
2014-12-02 08:06:56 Error: hurryy - controllers/Extensions/ExtensionsDashboard/admin_index denied. (cache hit)
2014-12-02 08:06:57 Error: hurryy - controllers/Extensions/ExtensionsDashboard/admin_index denied. (cache hit)
2014-12-02 08:06:58 Error: hurryy - controllers/Extensions/ExtensionsDashboard/admin_index denied. (cache hit)
2014-12-02 08:06:59 Error: hurryy - controllers/Extensions/ExtensionsDashboard/admin_index denied. (cache hit)
2014-12-02 08:06:59 Error: hurryy - controllers/Extensions/ExtensionsDashboard/admin_index denied. (cache hit)
2014-12-02 08:07:00 Error: hurryy - controllers/Extensions/ExtensionsDashboard/admin_index denied. (cache hit)
2014-12-02 08:07:01 Error: hurryy - controllers/Extensions/ExtensionsDashboard/admin_index denied. (cache hit)
2014-12-02 08:07:02 Error: hurryy - controllers/Extensions/ExtensionsDashboard/admin_index denied. (cache hit)
2014-12-02 08:07:03 Error: hurryy - controllers/Extensions/ExtensionsDashboard/admin_index denied. (cache hit)
2014-12-02 08:07:04 Error: hurryy - controllers/Extensions/ExtensionsDashboard/admin_index denied. (cache hit)
2014-12-02 08:07:05 Error: hurryy - controllers/Extensions/ExtensionsDashboard/admin_index denied. (cache hit)
2014-12-02 08:07:06 Error: hurryy - controllers/Extensions/ExtensionsDashboard/admin_index denied. (cache hit)
2014-12-02 08:07:07 Error: hurryy - controllers/Extensions/ExtensionsDashboard/admin_index denied. (cache hit)
2014-12-02 08:07:07 Error: hurryy - controllers/Extensions/ExtensionsDashboard/admin_index denied. (cache hit)
2014-12-02 08:07:08 Error: hurryy - controllers/Extensions/ExtensionsDashboard/admin_index denied. (cache hit)
2014-12-02 08:07:09 Error: hurryy - controllers/Extensions/ExtensionsDashboard/admin_index denied. (cache hit)
2014-12-02 08:07:10 Error: hurryy - controllers/Extensions/ExtensionsDashboard/admin_index denied. (cache hit)
2014-12-02 08:07:11 Error: hurryy - controllers/Extensions/ExtensionsDashboard/admin_index denied. (cache hit)
2014-12-02 08:07:12 Error: hurryy - controllers/Extensions/ExtensionsDashboard/admin_index denied. (cache hit)
2014-12-02 08:07:13 Error: hurryy - controllers/Extensions/ExtensionsDashboard/admin_index denied. (cache hit)
2014-12-02 08:07:14 Error: hurryy - controllers/Extensions/ExtensionsDashboard/admin_index denied. (cache hit)
2014-12-02 08:07:15 Error: hurryy - controllers/Extensions/ExtensionsDashboard/admin_index denied. (cache hit)
2014-12-02 08:07:16 Error: hurryy - controllers/Extensions/ExtensionsDashboard/admin_index denied. (cache hit)
2014-12-02 08:18:32 Error: hurryy - controllers/Nodes/Nodes/promoted allowed. (cache hit)
2014-12-02 08:18:43 Error: hurryy - controllers/Extensions/ExtensionsDashboard/admin_index denied. (cache hit)
2014-12-02 08:18:44 Error: hurryy - controllers/Extensions/ExtensionsDashboard/admin_index denied. (cache hit)
2014-12-02 08:18:45 Error: hurryy - controllers/Extensions/ExtensionsDashboard/admin_index denied. (cache hit)
2014-12-02 08:18:46 Error: hurryy - controllers/Extensions/ExtensionsDashboard/admin_index denied. (cache hit)
2014-12-02 08:18:47 Error: hurryy - controllers/Extensions/ExtensionsDashboard/admin_index denied. (cache hit)
2014-12-02 08:18:47 Error: hurryy - controllers/Extensions/ExtensionsDashboard/admin_index denied. (cache hit)
2014-12-02 08:18:48 Error: hurryy - controllers/Extensions/ExtensionsDashboard/admin_index denied. (cache hit)
2014-12-02 08:18:49 Error: hurryy - controllers/Extensions/ExtensionsDashboard/admin_index denied. (cache hit)
2014-12-02 08:18:50 Error: hurryy - controllers/Extensions/ExtensionsDashboard/admin_index denied. (cache hit)
2014-12-02 08:18:51 Error: hurryy - controllers/Extensions/ExtensionsDashboard/admin_index denied. (cache hit)
2014-12-02 08:18:52 Error: hurryy - controllers/Extensions/ExtensionsDashboard/admin_index denied. (cache hit)
2014-12-02 08:18:53 Error: hurryy - controllers/Extensions/ExtensionsDashboard/admin_index denied. (cache hit)
2014-12-02 08:18:54 Error: hurryy - controllers/Extensions/ExtensionsDashboard/admin_index denied. (cache hit)
2014-12-02 08:18:55 Error: hurryy - controllers/Extensions/ExtensionsDashboard/admin_index denied. (cache hit)
2014-12-02 08:18:56 Error: hurryy - controllers/Extensions/ExtensionsDashboard/admin_index denied. (cache hit)
2014-12-02 08:18:56 Error: hurryy - controllers/Extensions/ExtensionsDashboard/admin_index denied. (cache hit)
2014-12-02 08:18:57 Error: hurryy - controllers/Extensions/ExtensionsDashboard/admin_index denied. (cache hit)
2014-12-02 08:18:58 Error: hurryy - controllers/Extensions/ExtensionsDashboard/admin_index denied. (cache hit)
2014-12-02 08:18:59 Error: hurryy - controllers/Extensions/ExtensionsDashboard/admin_index denied. (cache hit)
2014-12-02 08:19:00 Error: hurryy - controllers/Extensions/ExtensionsDashboard/admin_index denied. (cache hit)
2014-12-02 08:19:01 Error: hurryy - controllers/Extensions/ExtensionsDashboard/admin_index denied. (cache hit)
2014-12-02 08:19:01 Error: hurryy - controllers/Extensions/ExtensionsDashboard/admin_index denied. (cache hit)
2014-12-02 08:19:02 Error: hurryy - controllers/Extensions/ExtensionsDashboard/admin_index denied. (cache hit)
2014-12-02 08:19:03 Error: hurryy - controllers/Extensions/ExtensionsDashboard/admin_index denied. (cache hit)
2014-12-02 08:19:04 Error: hurryy - controllers/Extensions/ExtensionsDashboard/admin_index denied. (cache hit)
2014-12-02 08:19:09 Error: hurryy - controllers/Extensions/ExtensionsDashboard/admin_index denied. (cache hit)
2014-12-02 08:19:10 Error: hurryy - controllers/Extensions/ExtensionsDashboard/admin_index denied. (cache hit)
2014-12-02 08:19:11 Error: hurryy - controllers/Extensions/ExtensionsDashboard/admin_index denied. (cache hit)
2014-12-02 08:19:12 Error: hurryy - controllers/Extensions/ExtensionsDashboard/admin_index denied. (cache hit)
2014-12-02 08:19:13 Error: hurryy - controllers/Extensions/ExtensionsDashboard/admin_index denied. (cache hit)
2014-12-02 08:19:13 Error: hurryy - controllers/Extensions/ExtensionsDashboard/admin_index denied. (cache hit)
2014-12-02 08:19:14 Error: hurryy - controllers/Extensions/ExtensionsDashboard/admin_index denied. (cache hit)
2014-12-02 08:19:15 Error: hurryy - controllers/Extensions/ExtensionsDashboard/admin_index denied. (cache hit)
2014-12-02 08:19:16 Error: hurryy - controllers/Extensions/ExtensionsDashboard/admin_index denied. (cache hit)
2014-12-02 08:19:17 Error: hurryy - controllers/Extensions/ExtensionsDashboard/admin_index denied. (cache hit)
2014-12-02 08:19:18 Error: hurryy - controllers/Extensions/ExtensionsDashboard/admin_index denied. (cache hit)
2014-12-02 08:19:21 Error: hurryy - controllers/Extensions/ExtensionsDashboard/admin_index denied. (cache hit)
2014-12-02 08:19:22 Error: hurryy - controllers/Extensions/ExtensionsDashboard/admin_index denied. (cache hit)
2014-12-02 08:19:23 Error: hurryy - controllers/Extensions/ExtensionsDashboard/admin_index denied. (cache hit)
2014-12-02 08:19:45 Error: hurryy - controllers/Nodes/Nodes/promoted allowed. (cache hit)
2014-12-02 08:28:55 Error: hurryy - controllers/Extensions/ExtensionsDashboard/admin_index denied. (cache hit)
2014-12-02 08:28:56 Error: hurryy - controllers/Extensions/ExtensionsDashboard/admin_index denied. (cache hit)
2014-12-02 08:28:57 Error: hurryy - controllers/Extensions/ExtensionsDashboard/admin_index denied. (cache hit)
2014-12-02 08:28:58 Error: hurryy - controllers/Extensions/ExtensionsDashboard/admin_index denied. (cache hit)
2014-12-02 08:28:59 Error: hurryy - controllers/Extensions/ExtensionsDashboard/admin_index denied. (cache hit)
2014-12-02 08:29:00 Error: hurryy - controllers/Extensions/ExtensionsDashboard/admin_index denied. (cache hit)
2014-12-02 08:29:00 Error: hurryy - controllers/Extensions/ExtensionsDashboard/admin_index denied. (cache hit)
2014-12-02 08:29:01 Error: hurryy - controllers/Extensions/ExtensionsDashboard/admin_index denied. (cache hit)
2014-12-02 08:29:02 Error: hurryy - controllers/Extensions/ExtensionsDashboard/admin_index denied. (cache hit)
2014-12-02 08:29:03 Error: hurryy - controllers/Extensions/ExtensionsDashboard/admin_index denied. (cache hit)
2014-12-02 08:29:04 Error: hurryy - controllers/Extensions/ExtensionsDashboard/admin_index denied. (cache hit)
2014-12-02 08:29:05 Error: hurryy - controllers/Extensions/ExtensionsDashboard/admin_index denied. (cache hit)
2014-12-02 08:29:06 Error: hurryy - controllers/Extensions/ExtensionsDashboard/admin_index denied. (cache hit)
2014-12-02 08:29:06 Error: hurryy - controllers/Extensions/ExtensionsDashboard/admin_index denied. (cache hit)
2014-12-02 08:29:07 Error: hurryy - controllers/Extensions/ExtensionsDashboard/admin_index denied. (cache hit)
2014-12-02 08:29:08 Error: hurryy - controllers/Extensions/ExtensionsDashboard/admin_index denied. (cache hit)
2014-12-02 08:29:09 Error: hurryy - controllers/Extensions/ExtensionsDashboard/admin_index denied. (cache hit)
2014-12-02 08:29:10 Error: hurryy - controllers/Extensions/ExtensionsDashboard/admin_index denied. (cache hit)
2014-12-02 08:29:11 Error: hurryy - controllers/Extensions/ExtensionsDashboard/admin_index denied. (cache hit)
2014-12-02 08:29:11 Error: hurryy - controllers/Extensions/ExtensionsDashboard/admin_index denied. (cache hit)
2014-12-02 08:29:12 Error: hurryy - controllers/Extensions/ExtensionsDashboard/admin_index denied. (cache hit)
2014-12-02 08:29:13 Error: hurryy - controllers/Extensions/ExtensionsDashboard/admin_index denied. (cache hit)
2014-12-02 08:29:14 Error: hurryy - controllers/Extensions/ExtensionsDashboard/admin_index denied. (cache hit)
2014-12-02 08:29:15 Error: hurryy - controllers/Extensions/ExtensionsDashboard/admin_index denied. (cache hit)
2014-12-02 08:29:21 Error: hurryy - controllers/Extensions/ExtensionsDashboard/admin_index denied. (cache hit)
2014-12-02 08:29:22 Error: hurryy - controllers/Extensions/ExtensionsDashboard/admin_index denied. (cache hit)
2014-12-02 08:29:22 Error: hurryy - controllers/Extensions/ExtensionsDashboard/admin_index denied. (cache hit)
2014-12-02 08:29:23 Error: hurryy - controllers/Extensions/ExtensionsDashboard/admin_index denied. (cache hit)
2014-12-02 08:29:24 Error: hurryy - controllers/Extensions/ExtensionsDashboard/admin_index denied. (cache hit)
2014-12-02 08:29:25 Error: hurryy - controllers/Extensions/ExtensionsDashboard/admin_index denied. (cache hit)
2014-12-02 08:29:26 Error: hurryy - controllers/Extensions/ExtensionsDashboard/admin_index denied. (cache hit)
2014-12-02 08:29:27 Error: hurryy - controllers/Extensions/ExtensionsDashboard/admin_index denied. (cache hit)
2014-12-02 08:29:27 Error: hurryy - controllers/Extensions/ExtensionsDashboard/admin_index denied. (cache hit)
2014-12-02 08:29:28 Error: hurryy - controllers/Extensions/ExtensionsDashboard/admin_index denied. (cache hit)
2014-12-02 08:29:37 Error: hurryy - controllers/Nodes/Nodes/promoted allowed. (cache hit)
2014-12-02 08:29:42 Error: hurryy - controllers/Extensions/ExtensionsDashboard/admin_index denied. (cache hit)
2014-12-02 08:29:43 Error: hurryy - controllers/Extensions/ExtensionsDashboard/admin_index denied. (cache hit)
2014-12-02 08:29:44 Error: hurryy - controllers/Extensions/ExtensionsDashboard/admin_index denied. (cache hit)
2014-12-02 08:29:44 Error: hurryy - controllers/Extensions/ExtensionsDashboard/admin_index denied. (cache hit)
2014-12-02 08:29:45 Error: hurryy - controllers/Extensions/ExtensionsDashboard/admin_index denied. (cache hit)
2014-12-02 08:29:46 Error: hurryy - controllers/Extensions/ExtensionsDashboard/admin_index denied. (cache hit)
2014-12-02 08:29:47 Error: hurryy - controllers/Extensions/ExtensionsDashboard/admin_index denied. (cache hit)
2014-12-02 08:29:48 Error: hurryy - controllers/Extensions/ExtensionsDashboard/admin_index denied. (cache hit)
2014-12-02 08:29:49 Error: hurryy - controllers/Extensions/ExtensionsDashboard/admin_index denied. (cache hit)
2014-12-02 08:29:50 Error: hurryy - controllers/Extensions/ExtensionsDashboard/admin_index denied. (cache hit)
2014-12-02 08:29:50 Error: hurryy - controllers/Extensions/ExtensionsDashboard/admin_index denied. (cache hit)
2014-12-02 08:29:50 Error: hurryy - controllers/Extensions/ExtensionsDashboard/admin_index denied. (cache hit)
2014-12-02 08:29:51 Error: hurryy - controllers/Extensions/ExtensionsDashboard/admin_index denied. (cache hit)
2014-12-02 08:29:52 Error: hurryy - controllers/Extensions/ExtensionsDashboard/admin_index denied. (cache hit)
2014-12-02 08:29:53 Error: hurryy - controllers/Extensions/ExtensionsDashboard/admin_index denied. (cache hit)
2014-12-02 08:29:54 Error: hurryy - controllers/Extensions/ExtensionsDashboard/admin_index denied. (cache hit)
2014-12-02 08:29:55 Error: hurryy - controllers/Extensions/ExtensionsDashboard/admin_index denied. (cache hit)
2014-12-02 08:30:58 Error: hurryy - controllers/Nodes/Nodes/promoted allowed. (cache hit)
2014-12-02 08:31:07 Error: hurryy - controllers/Extensions/ExtensionsDashboard/admin_index denied. (cache hit)
2014-12-02 08:31:08 Error: hurryy - controllers/Extensions/ExtensionsDashboard/admin_index denied. (cache hit)
2014-12-02 08:31:09 Error: hurryy - controllers/Extensions/ExtensionsDashboard/admin_index denied. (cache hit)
2014-12-02 08:31:09 Error: hurryy - controllers/Extensions/ExtensionsDashboard/admin_index denied. (cache hit)
2014-12-02 08:31:10 Error: hurryy - controllers/Extensions/ExtensionsDashboard/admin_index denied. (cache hit)
2014-12-02 08:31:11 Error: hurryy - controllers/Extensions/ExtensionsDashboard/admin_index denied. (cache hit)
2014-12-02 08:31:12 Error: hurryy - controllers/Extensions/ExtensionsDashboard/admin_index denied. (cache hit)
2014-12-02 08:31:13 Error: hurryy - controllers/Extensions/ExtensionsDashboard/admin_index denied. (cache hit)
2014-12-02 08:31:14 Error: hurryy - controllers/Extensions/ExtensionsDashboard/admin_index denied. (cache hit)
2014-12-02 08:31:14 Error: hurryy - controllers/Extensions/ExtensionsDashboard/admin_index denied. (cache hit)
2014-12-02 08:31:15 Error: hurryy - controllers/Extensions/ExtensionsDashboard/admin_index denied. (cache hit)
2014-12-02 08:31:16 Error: hurryy - controllers/Extensions/ExtensionsDashboard/admin_index denied. (cache hit)
2014-12-02 08:31:17 Error: hurryy - controllers/Extensions/ExtensionsDashboard/admin_index denied. (cache hit)
2014-12-02 08:31:18 Error: hurryy - controllers/Extensions/ExtensionsDashboard/admin_index denied. (cache hit)
2014-12-02 08:31:19 Error: hurryy - controllers/Extensions/ExtensionsDashboard/admin_index denied. (cache hit)
2014-12-02 08:31:20 Error: hurryy - controllers/Extensions/ExtensionsDashboard/admin_index denied. (cache hit)
2014-12-02 08:31:21 Error: hurryy - controllers/Extensions/ExtensionsDashboard/admin_index denied. (cache hit)
2014-12-02 08:31:22 Error: hurryy - controllers/Extensions/ExtensionsDashboard/admin_index denied. (cache hit)
2014-12-02 08:31:23 Error: hurryy - controllers/Extensions/ExtensionsDashboard/admin_index denied. (cache hit)
2014-12-02 08:31:23 Error: hurryy - controllers/Extensions/ExtensionsDashboard/admin_index denied. (cache hit)
2014-12-02 08:31:24 Error: hurryy - controllers/Extensions/ExtensionsDashboard/admin_index denied. (cache hit)
2014-12-02 08:31:25 Error: hurryy - controllers/Extensions/ExtensionsDashboard/admin_index denied. (cache hit)
2014-12-02 08:31:26 Error: hurryy - controllers/Extensions/ExtensionsDashboard/admin_index denied. (cache hit)
2014-12-02 08:31:27 Error: hurryy - controllers/Extensions/ExtensionsDashboard/admin_index denied. (cache hit)
2014-12-02 08:31:33 Error: hurryy - controllers/Extensions/ExtensionsDashboard/admin_index denied. (cache hit)
2014-12-02 08:31:34 Error: hurryy - controllers/Extensions/ExtensionsDashboard/admin_index denied. (cache hit)
2014-12-02 08:31:35 Error: hurryy - controllers/Extensions/ExtensionsDashboard/admin_index denied. (cache hit)
2014-12-02 08:31:35 Error: hurryy - controllers/Extensions/ExtensionsDashboard/admin_index denied. (cache hit)
2014-12-02 08:31:36 Error: hurryy - controllers/Extensions/ExtensionsDashboard/admin_index denied. (cache hit)
2014-12-02 08:31:37 Error: hurryy - controllers/Extensions/ExtensionsDashboard/admin_index denied. (cache hit)
2014-12-02 08:31:38 Error: hurryy - controllers/Extensions/ExtensionsDashboard/admin_index denied. (cache hit)
2014-12-02 08:31:39 Error: hurryy - controllers/Extensions/ExtensionsDashboard/admin_index denied. (cache hit)
2014-12-02 08:31:39 Error: hurryy - controllers/Extensions/ExtensionsDashboard/admin_index denied. (cache hit)
2014-12-02 08:31:41 Error: hurryy - controllers/Extensions/ExtensionsDashboard/admin_index denied. (cache hit)
2014-12-02 08:31:42 Error: hurryy - controllers/Extensions/ExtensionsDashboard/admin_index denied. (cache hit)
2014-12-02 08:32:13 Error: hurryy - controllers/Extensions/ExtensionsDashboard/admin_index denied. (cache hit)
2014-12-02 08:32:14 Error: hurryy - controllers/Extensions/ExtensionsDashboard/admin_index denied. (cache hit)
2014-12-02 08:32:15 Error: hurryy - controllers/Extensions/ExtensionsDashboard/admin_index denied. (cache hit)
2014-12-02 08:32:16 Error: hurryy - controllers/Extensions/ExtensionsDashboard/admin_index denied. (cache hit)
2014-12-02 08:32:17 Error: hurryy - controllers/Extensions/ExtensionsDashboard/admin_index denied. (cache hit)
2014-12-02 08:32:18 Error: hurryy - controllers/Extensions/ExtensionsDashboard/admin_index denied. (cache hit)
2014-12-02 08:32:19 Error: hurryy - controllers/Extensions/ExtensionsDashboard/admin_index denied. (cache hit)
2014-12-02 08:32:19 Error: hurryy - controllers/Extensions/ExtensionsDashboard/admin_index denied. (cache hit)
2014-12-02 08:32:20 Error: hurryy - controllers/Extensions/ExtensionsDashboard/admin_index denied. (cache hit)
2014-12-02 11:42:23 Error: Fatal Error (4): syntax error, unexpected '=>' (T_DOUBLE_ARROW) in [C:\wamp\www\Dev\Vendor\croogo\croogo\Users\View\Users\admin_form.ctp, line 62]
2014-12-02 11:42:23 Error: [FatalErrorException] syntax error, unexpected '=>' (T_DOUBLE_ARROW)
Request URL: /Dev/admin/users/users/edit/2
Stack Trace:
#0 C:\wamp\www\Dev\Vendor\cakephp\cakephp\lib\Cake\Error\ErrorHandler.php(203): ErrorHandler::handleFatalError(4, 'syntax error, u...', 'C:\\wamp\\www\\Dev...', 62)
#1 [internal function]: ErrorHandler::handleError(4, 'syntax error, u...', 'C:\\wamp\\www\\Dev...', 62, Array)
#2 C:\wamp\www\Dev\Vendor\cakephp\cakephp\lib\Cake\Core\App.php(931): call_user_func('ErrorHandler::h...', 4, 'syntax error, u...', 'C:\\wamp\\www\\Dev...', 62, Array)
#3 C:\wamp\www\Dev\Vendor\cakephp\cakephp\lib\Cake\Core\App.php(904): App::_checkFatalError()
#4 [internal function]: App::shutdown()
#5 {main}
2014-12-03 07:31:06 Error: Fatal Error (4): syntax error, unexpected ';', expecting ')' in [C:\wamp\www\Dev\Vendor\croogo\croogo\Users\Model\User.php, line 206]
2014-12-03 07:31:06 Error: [FatalErrorException] syntax error, unexpected ';', expecting ')'
Request URL: /Dev/
Stack Trace:
#0 C:\wamp\www\Dev\Vendor\cakephp\cakephp\lib\Cake\Error\ErrorHandler.php(203): ErrorHandler::handleFatalError(4, 'syntax error, u...', 'C:\\wamp\\www\\Dev...', 206)
#1 [internal function]: ErrorHandler::handleError(4, 'syntax error, u...', 'C:\\wamp\\www\\Dev...', 206, Array)
#2 C:\wamp\www\Dev\Vendor\cakephp\cakephp\lib\Cake\Core\App.php(931): call_user_func('ErrorHandler::h...', 4, 'syntax error, u...', 'C:\\wamp\\www\\Dev...', 206, Array)
#3 C:\wamp\www\Dev\Vendor\cakephp\cakephp\lib\Cake\Core\App.php(904): App::_checkFatalError()
#4 [internal function]: App::shutdown()
#5 {main}
2014-12-03 07:37:40 Error: Fatal Error (1): Call to undefined function lowerCase() in [C:\wamp\www\Dev\Vendor\croogo\croogo\Users\Model\User.php, line 310]
2014-12-03 07:37:40 Error: [FatalErrorException] Call to undefined function lowerCase()
Request URL: /Dev/register
Stack Trace:
#0 C:\wamp\www\Dev\Vendor\cakephp\cakephp\lib\Cake\Error\ErrorHandler.php(203): ErrorHandler::handleFatalError(1, 'Call to undefin...', 'C:\\wamp\\www\\Dev...', 310)
#1 [internal function]: ErrorHandler::handleError(1, 'Call to undefin...', 'C:\\wamp\\www\\Dev...', 310, Array)
#2 C:\wamp\www\Dev\Vendor\cakephp\cakephp\lib\Cake\Core\App.php(931): call_user_func('ErrorHandler::h...', 1, 'Call to undefin...', 'C:\\wamp\\www\\Dev...', 310, Array)
#3 C:\wamp\www\Dev\Vendor\cakephp\cakephp\lib\Cake\Core\App.php(904): App::_checkFatalError()
#4 [internal function]: App::shutdown()
#5 {main}
2014-12-03 07:41:00 Error: Error sending user activation notification : mail(): Failed to connect to mailserver at &quot;localhost&quot; port 25, verify your &quot;SMTP&quot; and &quot;smtp_port&quot; setting in php.ini or use ini_set()
